[2024-11-01T06:09:39.963Z] INFO: Xác thực quyền Instructor cho người dùng: instructor
[2024-11-01T06:09:39.971Z] INFO: Lấy danh sách bài kiểm tra.
[2024-11-01T06:09:39.978Z] INFO: Xác thực quyền Instructor cho người dùng: instructor
[2024-11-01T06:09:39.982Z] INFO: Lấy danh sách bài kiểm tra.
[2024-11-07T03:33:01.881Z] INFO: Xác thực quyền Instructor cho người dùng: instructor
[2024-11-07T03:33:01.895Z] INFO: Lấy danh sách bài kiểm tra.
[2024-11-07T03:33:01.902Z] INFO: Xác thực quyền Instructor cho người dùng: instructor
[2024-11-07T03:33:01.906Z] INFO: Lấy danh sách bài kiểm tra.
[2024-11-07T03:37:41.569Z] INFO: Xác thực quyền Admin cho người dùng: instructor
[2024-11-07T03:37:41.571Z] WARN: Người dùng không có quyền Admin. Role: instructor
[2024-11-07T03:41:29.574Z] INFO: Xác thực quyền Admin cho người dùng: admin
[2024-11-07T03:41:29.621Z] INFO: Xác thực quyền Admin cho người dùng: admin
[2024-11-07T03:41:29.650Z] INFO: Xác thực quyền Admin cho người dùng: admin
[2024-11-07T03:41:29.660Z] INFO: Xác thực quyền Admin cho người dùng: admin
[2024-11-07T03:41:33.612Z] INFO: Xác thực quyền Admin cho người dùng: admin
[2024-11-07T03:41:39.653Z] INFO: Xác thực quyền Admin cho người dùng: admin
[2024-11-07T03:41:39.902Z] INFO: Xác thực quyền Admin cho người dùng: admin
[2024-11-07T03:42:06.468Z] INFO: Xác thực quyền Instructor cho người dùng: instructor
[2024-11-07T03:42:06.471Z] INFO: Lấy danh sách bài kiểm tra.
[2024-11-07T03:42:06.478Z] INFO: Xác thực quyền Instructor cho người dùng: instructor
[2024-11-07T03:42:06.482Z] INFO: Lấy danh sách bài kiểm tra.
[2024-11-07T04:08:48.905Z] INFO: Xác thực quyền Admin cho người dùng: admin
[2024-11-07T04:08:48.960Z] INFO: Xác thực quyền Admin cho người dùng: admin
[2024-11-07T04:11:50.487Z] INFO: Xác thực quyền Admin cho người dùng: admin
[2024-11-07T04:11:50.552Z] INFO: Xác thực quyền Admin cho người dùng: admin
[2024-11-07T04:14:25.128Z] INFO: Xác thực quyền Admin cho người dùng: admin
[2024-11-07T04:14:25.188Z] INFO: Xác thực quyền Admin cho người dùng: admin
[2024-11-07T04:15:04.613Z] INFO: Xác thực quyền Admin cho người dùng: admin
[2024-11-07T04:15:04.670Z] INFO: Xác thực quyền Admin cho người dùng: admin
[2024-11-07T04:15:54.040Z] INFO: Xác thực quyền Admin cho người dùng: admin
[2024-11-07T04:15:54.100Z] INFO: Xác thực quyền Admin cho người dùng: admin
[2024-11-07T04:21:16.861Z] INFO: Xác thực quyền Admin cho người dùng: admin
[2024-11-07T04:21:16.915Z] INFO: Xác thực quyền Admin cho người dùng: admin
[2024-11-07T04:23:34.218Z] INFO: Xác thực quyền Admin cho người dùng: admin
[2024-11-07T04:23:34.318Z] INFO: Xác thực quyền Admin cho người dùng: admin
[2024-11-07T04:30:36.362Z] INFO: Xác thực quyền Admin cho người dùng: admin
[2024-11-07T04:30:36.421Z] INFO: Xác thực quyền Admin cho người dùng: admin
[2024-11-07T04:32:46.846Z] INFO: Xác thực quyền Admin cho người dùng: admin
[2024-11-07T04:32:48.895Z] INFO: Xác thực quyền Admin cho người dùng: admin
[2024-11-07T04:32:48.972Z] INFO: Xác thực quyền Admin cho người dùng: admin
[2024-11-07T04:44:11.519Z] INFO: Xác thực quyền Admin cho người dùng: admin
[2024-11-07T04:46:24.452Z] INFO: Xác thực quyền Admin cho người dùng: admin
[2024-11-07T04:46:24.476Z] INFO: Xác thực quyền Admin cho người dùng: admin
[2024-11-07T04:46:41.743Z] INFO: Xác thực quyền Admin cho người dùng: admin
[2024-11-07T04:46:41.746Z] INFO: Xác thực quyền Admin cho người dùng: admin
[2024-11-07T04:46:41.781Z] INFO: Xác thực quyền Admin cho người dùng: admin
[2024-11-07T04:46:41.790Z] INFO: Xác thực quyền Admin cho người dùng: admin
[2024-11-07T04:48:08.050Z] INFO: Xác thực quyền Admin cho người dùng: admin
[2024-11-07T04:48:08.053Z] INFO: Xác thực quyền Admin cho người dùng: admin
[2024-11-07T04:48:08.079Z] INFO: Xác thực quyền Admin cho người dùng: admin
[2024-11-07T04:48:08.086Z] INFO: Xác thực quyền Admin cho người dùng: admin
[2024-11-07T04:48:13.840Z] INFO: Xác thực quyền Admin cho người dùng: admin
[2024-11-07T04:48:13.842Z] INFO: Xác thực quyền Admin cho người dùng: admin
[2024-11-07T04:48:13.870Z] INFO: Xác thực quyền Admin cho người dùng: admin
[2024-11-07T04:48:13.880Z] INFO: Xác thực quyền Admin cho người dùng: admin
[2024-11-07T04:55:14.800Z] INFO: Xác thực quyền Admin cho người dùng: admin
[2024-11-07T04:55:14.814Z] INFO: Xác thực quyền Admin cho người dùng: admin
[2024-11-07T04:55:14.824Z] INFO: Xác thực quyền Admin cho người dùng: admin
[2024-11-07T04:55:14.834Z] INFO: Xác thực quyền Admin cho người dùng: admin
[2024-11-07T04:55:16.094Z] INFO: Xác thực quyền Admin cho người dùng: admin
[2024-11-07T04:58:18.113Z] INFO: Xác thực quyền Admin cho người dùng: admin
[2024-11-07T04:58:18.116Z] INFO: Xác thực quyền Admin cho người dùng: admin
[2024-11-07T04:58:18.149Z] INFO: Xác thực quyền Admin cho người dùng: admin
[2024-11-07T04:58:18.155Z] INFO: Xác thực quyền Admin cho người dùng: admin
[2024-11-07T04:58:53.719Z] INFO: Xác thực quyền Admin cho người dùng: admin
[2024-11-07T04:58:53.724Z] INFO: Xác thực quyền Admin cho người dùng: admin
[2024-11-07T04:58:53.797Z] INFO: Xác thực quyền Admin cho người dùng: admin
[2024-11-07T04:58:53.803Z] INFO: Xác thực quyền Admin cho người dùng: admin
[2024-11-07T04:59:09.339Z] INFO: Xác thực quyền Admin cho người dùng: admin
[2024-11-07T04:59:09.361Z] INFO: Xác thực quyền Admin cho người dùng: admin
[2024-11-07T04:59:18.625Z] INFO: Xác thực quyền Admin cho người dùng: admin
[2024-11-07T04:59:18.655Z] INFO: Xác thực quyền Admin cho người dùng: admin
[2024-11-07T04:59:32.480Z] INFO: Xác thực quyền Admin cho người dùng: admin
[2024-11-07T04:59:32.494Z] INFO: Xác thực quyền Admin cho người dùng: admin
[2024-11-07T05:03:39.328Z] INFO: Xác thực quyền Admin cho người dùng: admin
[2024-11-07T05:04:32.272Z] INFO: Xác thực quyền Admin cho người dùng: admin
[2024-11-07T05:05:04.400Z] INFO: Xác thực quyền Admin cho người dùng: admin
[2024-11-07T05:05:32.378Z] INFO: Xác thực quyền Admin cho người dùng: admin
[2024-11-07T05:05:58.674Z] INFO: Xác thực quyền Admin cho người dùng: admin
[2024-11-07T05:10:12.317Z] INFO: Xác thực quyền Admin cho người dùng: admin
[2024-11-07T05:10:12.371Z] INFO: Xác thực quyền Admin cho người dùng: admin
[2024-11-07T05:11:28.859Z] INFO: Xác thực quyền Admin cho người dùng: admin
[2024-11-07T05:11:28.874Z] INFO: Xác thực quyền Admin cho người dùng: admin
[2024-11-07T05:11:28.886Z] INFO: Xác thực quyền Admin cho người dùng: admin
[2024-11-07T05:11:28.901Z] INFO: Xác thực quyền Admin cho người dùng: admin
[2024-11-07T05:11:33.227Z] INFO: Xác thực quyền Admin cho người dùng: admin
[2024-11-07T05:11:33.306Z] INFO: Xác thực quyền Admin cho người dùng: admin
[2024-11-08T15:52:46.754Z] INFO: Xác thực quyền Admin cho người dùng: admin
[2024-11-08T15:52:46.860Z] INFO: Xác thực quyền Admin cho người dùng: admin
[2024-11-08T15:57:28.573Z] INFO: Xác thực quyền Admin cho người dùng: admin
[2024-11-08T15:57:28.609Z] INFO: Xác thực quyền Admin cho người dùng: admin
[2024-11-08T15:59:11.418Z] INFO: Xác thực quyền Admin cho người dùng: admin
[2024-11-08T15:59:11.443Z] INFO: Xác thực quyền Admin cho người dùng: admin
[2024-11-08T16:05:05.992Z] INFO: Xác thực quyền Admin cho người dùng: admin
[2024-11-08T16:05:06.002Z] INFO: Xác thực quyền Admin cho người dùng: admin
[2024-11-08T16:05:06.010Z] INFO: Xác thực quyền Admin cho người dùng: admin
[2024-11-08T16:05:06.019Z] INFO: Xác thực quyền Admin cho người dùng: admin
[2024-11-08T16:07:05.444Z] INFO: Xác thực quyền Admin cho người dùng: admin
[2024-11-08T16:07:05.468Z] INFO: Xác thực quyền Admin cho người dùng: admin
[2024-11-09T08:37:45.463Z] INFO: Xác thực quyền Instructor cho người dùng: instructor
[2024-11-09T08:37:45.500Z] INFO: Lấy danh sách bài kiểm tra.
[2024-11-09T08:37:45.510Z] INFO: Xác thực quyền Instructor cho người dùng: instructor
[2024-11-09T08:37:45.537Z] INFO: Lấy danh sách bài kiểm tra.
[2024-11-09T08:38:34.945Z] INFO: Xác thực quyền Instructor cho người dùng: instructor
[2024-11-09T08:38:34.963Z] INFO: Lấy danh sách bài kiểm tra.
[2024-11-09T08:38:34.971Z] INFO: Xác thực quyền Instructor cho người dùng: instructor
[2024-11-09T08:38:34.986Z] INFO: Lấy danh sách bài kiểm tra.
[2024-11-09T08:41:16.230Z] INFO: Xác thực quyền Instructor cho người dùng: instructor
[2024-11-09T08:41:16.244Z] INFO: Lấy danh sách bài kiểm tra.
[2024-11-09T08:41:16.253Z] INFO: Xác thực quyền Instructor cho người dùng: instructor
[2024-11-09T08:41:16.271Z] INFO: Lấy danh sách bài kiểm tra.
[2024-11-09T09:00:44.048Z] INFO: Xác thực quyền Instructor cho người dùng: instructor
[2024-11-09T09:00:44.085Z] INFO: Lấy danh sách bài kiểm tra.
[2024-11-09T09:00:44.095Z] INFO: Xác thực quyền Instructor cho người dùng: instructor
[2024-11-09T09:00:44.122Z] INFO: Lấy danh sách bài kiểm tra.
[2024-11-09T09:00:55.633Z] INFO: Xác thực quyền Instructor cho người dùng: instructor
[2024-11-09T09:00:55.647Z] INFO: Lấy danh sách bài kiểm tra.
[2024-11-09T09:00:55.654Z] INFO: Xác thực quyền Instructor cho người dùng: instructor
[2024-11-09T09:00:55.677Z] INFO: Lấy danh sách bài kiểm tra.
[2024-11-09T09:03:42.667Z] INFO: Xác thực quyền Instructor cho người dùng: instructor
[2024-11-09T09:03:42.689Z] INFO: Lấy danh sách bài kiểm tra.
[2024-11-09T09:03:42.695Z] INFO: Xác thực quyền Instructor cho người dùng: instructor
[2024-11-09T09:03:42.711Z] INFO: Lấy danh sách bài kiểm tra.
[2024-11-09T09:05:29.131Z] INFO: Xác thực quyền Instructor cho người dùng: instructor
[2024-11-09T09:10:59.777Z] INFO: Xác thực quyền Instructor cho người dùng: instructor
[2024-11-09T09:10:59.796Z] INFO: Lấy danh sách bài kiểm tra.
[2024-11-09T09:10:59.801Z] INFO: Xác thực quyền Instructor cho người dùng: instructor
[2024-11-09T09:10:59.817Z] INFO: Lấy danh sách bài kiểm tra.
[2024-11-09T09:11:30.069Z] INFO: Xác thực quyền Instructor cho người dùng: instructor
[2024-11-09T09:11:30.162Z] INFO: Tests retrieved successfully for learner.
[2024-11-09T09:11:30.170Z] INFO: Tests retrieved successfully for learner.
[2024-11-09T09:11:52.125Z] INFO: Xác thực quyền Instructor cho người dùng: instructor
[2024-11-09T09:11:52.134Z] INFO: Lấy danh sách bài kiểm tra.
[2024-11-09T09:11:52.157Z] INFO: Xác thực quyền Instructor cho người dùng: instructor
[2024-11-09T09:11:52.171Z] INFO: Lấy danh sách bài kiểm tra.
[2024-11-09T09:13:27.574Z] INFO: Tests retrieved successfully for learner.
[2024-11-09T09:13:27.584Z] INFO: Tests retrieved successfully for learner.
[2024-11-09T09:13:36.580Z] INFO: Bài kiểm tra tìm thấy.
[2024-11-09T09:13:36.586Z] INFO: Bài kiểm tra tìm thấy.
[2024-11-09T09:13:39.306Z] INFO: Tests retrieved successfully for learner.
[2024-11-09T09:13:39.314Z] INFO: Tests retrieved successfully for learner.
[2024-11-09T09:13:45.706Z] INFO: Bài kiểm tra tìm thấy.
[2024-11-09T09:13:45.710Z] INFO: Bài kiểm tra tìm thấy.
[2024-11-09T09:14:54.928Z] INFO: Tests retrieved successfully for learner.
[2024-11-09T09:14:54.937Z] INFO: Tests retrieved successfully for learner.
[2024-11-09T09:15:08.955Z] INFO: Bài kiểm tra tìm thấy.
[2024-11-09T09:15:08.960Z] INFO: Bài kiểm tra tìm thấy.
[2024-11-09T09:15:19.261Z] INFO: Tests retrieved successfully for learner.
[2024-11-09T09:15:19.272Z] INFO: Tests retrieved successfully for learner.
[2024-11-09T09:15:54.909Z] INFO: Xác thực quyền Instructor cho người dùng: instructor
[2024-11-09T09:15:54.921Z] INFO: Lấy danh sách bài kiểm tra.
[2024-11-09T09:15:54.926Z] INFO: Xác thực quyền Instructor cho người dùng: instructor
[2024-11-09T09:15:54.939Z] INFO: Lấy danh sách bài kiểm tra.
[2024-11-09T09:16:34.900Z] INFO: Xác thực quyền Instructor cho người dùng: instructor
[2024-11-09T09:16:35.000Z] INFO: Xác thực quyền Instructor cho người dùng: instructor
[2024-11-09T09:16:35.015Z] INFO: Lấy danh sách bài kiểm tra.
[2024-11-09T09:16:35.024Z] INFO: Xác thực quyền Instructor cho người dùng: instructor
[2024-11-09T09:16:35.038Z] INFO: Lấy danh sách bài kiểm tra.
[2024-11-09T09:16:47.645Z] INFO: Tests retrieved successfully for learner.
[2024-11-09T09:16:47.657Z] INFO: Tests retrieved successfully for learner.
[2024-11-09T09:18:15.415Z] INFO: Tests retrieved successfully for learner.
[2024-11-09T09:18:15.437Z] INFO: Tests retrieved successfully for learner.
[2024-11-09T09:18:51.431Z] INFO: Tests retrieved successfully for learner.
[2024-11-09T09:18:51.440Z] INFO: Tests retrieved successfully for learner.
[2024-11-09T09:18:51.469Z] INFO: Tests retrieved successfully for learner.
[2024-11-09T09:18:51.475Z] INFO: Tests retrieved successfully for learner.
[2024-11-09T09:19:02.819Z] INFO: Tests retrieved successfully for learner.
[2024-11-09T09:19:02.826Z] INFO: Tests retrieved successfully for learner.
[2024-11-09T09:19:02.833Z] INFO: Tests retrieved successfully for learner.
[2024-11-09T09:19:02.843Z] INFO: Tests retrieved successfully for learner.
[2024-11-09T09:22:09.313Z] INFO: Tests retrieved successfully for learner.
[2024-11-09T09:22:09.323Z] INFO: Tests retrieved successfully for learner.
[2024-11-09T09:22:25.271Z] INFO: Tests retrieved successfully for learner.
[2024-11-09T09:22:25.281Z] INFO: Tests retrieved successfully for learner.
[2024-11-09T09:22:47.825Z] INFO: Tests retrieved successfully for learner.
[2024-11-09T09:22:47.831Z] INFO: Tests retrieved successfully for learner.
[2024-11-10T15:17:06.611Z] INFO: Xác thực quyền Instructor cho người dùng: instructor
[2024-11-10T15:17:06.652Z] INFO: Lấy danh sách bài kiểm tra.
[2024-11-10T15:17:06.665Z] INFO: Xác thực quyền Instructor cho người dùng: instructor
[2024-11-10T15:17:06.688Z] INFO: Lấy danh sách bài kiểm tra.
[2024-11-10T15:17:40.261Z] INFO: Tests retrieved successfully for learner.
[2024-11-10T15:17:40.282Z] INFO: Tests retrieved successfully for learner.
[2024-11-10T15:17:49.301Z] INFO: Tests retrieved successfully for learner.
[2024-11-10T15:17:49.308Z] INFO: Tests retrieved successfully for learner.
[2024-11-10T15:17:50.361Z] INFO: Tests retrieved successfully for learner.
[2024-11-10T15:17:50.373Z] INFO: Tests retrieved successfully for learner.
[2024-11-10T15:22:07.646Z] INFO: Xác thực quyền Instructor cho người dùng: instructor
[2024-11-10T15:22:07.683Z] INFO: Lấy danh sách bài kiểm tra.
[2024-11-10T15:22:07.697Z] INFO: Xác thực quyền Instructor cho người dùng: instructor
[2024-11-10T15:22:07.738Z] INFO: Lấy danh sách bài kiểm tra.
[2024-11-10T15:22:45.420Z] INFO: Xác thực quyền Instructor cho người dùng: instructor
[2024-11-10T15:22:45.441Z] INFO: Lấy danh sách bài kiểm tra.
[2024-11-10T15:22:45.453Z] INFO: Xác thực quyền Instructor cho người dùng: instructor
[2024-11-10T15:22:45.482Z] INFO: Lấy danh sách bài kiểm tra.
[2024-11-10T16:03:55.417Z] INFO: Xác thực quyền Instructor cho người dùng: instructor
[2024-11-10T16:03:55.437Z] INFO: Lấy danh sách bài kiểm tra.
[2024-11-10T16:03:55.446Z] INFO: Xác thực quyền Instructor cho người dùng: instructor
[2024-11-10T16:03:55.461Z] INFO: Lấy danh sách bài kiểm tra.
[2024-11-10T16:07:39.281Z] INFO: Xác thực quyền Instructor cho người dùng: instructor
[2024-11-10T16:07:39.295Z] INFO: Lấy danh sách bài kiểm tra.
[2024-11-10T16:07:39.301Z] INFO: Xác thực quyền Instructor cho người dùng: instructor
[2024-11-10T16:07:39.310Z] INFO: Lấy danh sách bài kiểm tra.
[2024-11-11T15:27:26.952Z] INFO: Xác thực quyền Instructor cho người dùng: instructor
[2024-11-11T15:27:26.997Z] INFO: Lấy danh sách bài kiểm tra.
[2024-11-11T15:27:27.007Z] INFO: Xác thực quyền Instructor cho người dùng: instructor
[2024-11-11T15:27:27.038Z] INFO: Lấy danh sách bài kiểm tra.
[2024-11-11T15:27:42.487Z] INFO: Xác thực quyền Instructor cho người dùng: instructor
[2024-11-11T15:27:42.507Z] INFO: Lấy danh sách bài kiểm tra.
[2024-11-11T15:27:42.520Z] INFO: Xác thực quyền Instructor cho người dùng: instructor
[2024-11-11T15:27:42.556Z] INFO: Lấy danh sách bài kiểm tra.
[2024-11-11T15:27:46.443Z] INFO: Xác thực quyền Instructor cho người dùng: instructor
[2024-11-11T15:27:46.459Z] INFO: Lấy danh sách bài kiểm tra.
[2024-11-11T15:27:46.468Z] INFO: Xác thực quyền Instructor cho người dùng: instructor
[2024-11-11T15:27:46.485Z] INFO: Lấy danh sách bài kiểm tra.
[2024-11-11T15:28:29.291Z] INFO: Xác thực quyền Instructor cho người dùng: instructor
[2024-11-11T15:28:29.300Z] INFO: Lấy danh sách bài kiểm tra.
[2024-11-11T15:28:29.305Z] INFO: Xác thực quyền Instructor cho người dùng: instructor
[2024-11-11T15:28:29.313Z] INFO: Lấy danh sách bài kiểm tra.
[2024-11-11T15:46:20.118Z] INFO: Tests retrieved successfully for learner.
[2024-11-11T15:46:20.135Z] INFO: Tests retrieved successfully for learner.
[2024-11-11T15:49:47.856Z] INFO: Tests retrieved successfully for learner.
[2024-11-11T15:49:47.876Z] INFO: Tests retrieved successfully for learner.
[2024-11-11T15:51:14.103Z] INFO: Tests retrieved successfully for learner.
[2024-11-11T15:51:14.114Z] INFO: Tests retrieved successfully for learner.
[2024-11-11T15:59:06.462Z] INFO: Tests retrieved successfully for learner.
[2024-11-11T15:59:06.489Z] INFO: Tests retrieved successfully for learner.
[2024-11-11T16:00:42.221Z] INFO: Tests retrieved successfully for learner.
[2024-11-11T16:00:42.235Z] INFO: Tests retrieved successfully for learner.
[2024-11-11T16:02:24.721Z] INFO: Tests retrieved successfully for learner.
[2024-11-11T16:02:24.730Z] INFO: Tests retrieved successfully for learner.
[2024-11-11T16:06:56.093Z] INFO: Tests retrieved successfully for learner.
[2024-11-11T16:06:56.201Z] INFO: Tests retrieved successfully for learner.
[2024-11-11T16:06:56.214Z] INFO: Tests retrieved successfully for learner.
[2024-11-11T16:09:26.630Z] INFO: Tests retrieved successfully for learner.
[2024-11-11T16:10:14.002Z] INFO: Tests retrieved successfully for learner.
[2024-11-11T16:10:14.019Z] INFO: Tests retrieved successfully for learner.
[2024-11-11T16:11:36.997Z] INFO: Tests retrieved successfully for learner.
[2024-11-11T16:11:37.009Z] INFO: Tests retrieved successfully for learner.
[2024-11-11T16:11:53.419Z] INFO: Xác thực quyền Instructor cho người dùng: instructor
[2024-11-11T16:11:53.434Z] INFO: Lấy danh sách bài kiểm tra.
[2024-11-11T16:11:53.443Z] INFO: Xác thực quyền Instructor cho người dùng: instructor
[2024-11-11T16:11:53.456Z] INFO: Lấy danh sách bài kiểm tra.
[2024-11-11T16:30:42.019Z] INFO: Xác thực quyền Instructor cho người dùng: instructor
[2024-11-11T16:30:42.039Z] INFO: Lấy danh sách bài kiểm tra.
[2024-11-11T16:30:42.045Z] INFO: Xác thực quyền Instructor cho người dùng: instructor
[2024-11-11T16:30:42.058Z] INFO: Lấy danh sách bài kiểm tra.
